<?xml version="1.0" encoding="UTF-8"?>
<testng-results skipped="2" failed="0" ignored="0" total="11" passed="9">
  <reporter-output>
  </reporter-output>
  <suite name="Suite" duration-ms="618325" started-at="2021-04-18T17:11:13Z" finished-at="2021-04-18T17:21:31Z">
    <groups>
    </groups>
    <test name="Test" duration-ms="618325" started-at="2021-04-18T17:11:13Z" finished-at="2021-04-18T17:21:31Z">
      <class name="VahakHybrid.IMDBautomationWeb.qa.TestSuite.LoginPageTest">
        <test-method status="PASS" signature="setup()[pri:0, instance:VahakHybrid.IMDBautomationWeb.qa.TestSuite.LoginPageTest@7ea37dbf]" name="setup" is-config="true" duration-ms="15425" started-at="2021-04-18T17:11:13Z" finished-at="2021-04-18T17:11:29Z">
          <reporter-output>
          </reporter-output>
        </test-method> <!-- setup -->
        <test-method status="PASS" signature="testValidLogin(java.lang.String, java.lang.String)[pri:0, instance:VahakHybrid.IMDBautomationWeb.qa.TestSuite.LoginPageTest@7ea37dbf]" name="testValidLogin" duration-ms="16491" started-at="2021-04-18T17:11:29Z" data-provider="getDataExcelvalidCredential" finished-at="2021-04-18T17:11:45Z">
          <params>
            <param index="0">
              <value>
                <![CDATA[uwillgetjob@gmail.com]]>
              </value>
            </param>
            <param index="1">
              <value>
                <![CDATA[vahaktestAdmin#123]]>
              </value>
            </param>
          </params>
          <reporter-output>
          </reporter-output>
        </test-method> <!-- testValidLogin -->
        <test-method status="PASS" signature="tearDown()[pri:0, instance:VahakHybrid.IMDBautomationWeb.qa.TestSuite.LoginPageTest@7ea37dbf]" name="tearDown" is-config="true" duration-ms="129" started-at="2021-04-18T17:11:45Z" finished-at="2021-04-18T17:11:45Z">
          <reporter-output>
          </reporter-output>
        </test-method> <!-- tearDown -->
        <test-method status="PASS" signature="setup()[pri:0, instance:VahakHybrid.IMDBautomationWeb.qa.TestSuite.LoginPageTest@7ea37dbf]" name="setup" is-config="true" duration-ms="10934" started-at="2021-04-18T17:11:45Z" finished-at="2021-04-18T17:11:56Z">
          <reporter-output>
          </reporter-output>
        </test-method> <!-- setup -->
        <test-method status="PASS" signature="testLoginWrongUN(java.lang.String, java.lang.String)[pri:0, instance:VahakHybrid.IMDBautomationWeb.qa.TestSuite.LoginPageTest@7ea37dbf]" name="testLoginWrongUN" duration-ms="9769" started-at="2021-04-18T17:11:56Z" data-provider="getDataExcelinvalidUN" depends-on-methods="VahakHybrid.IMDBautomationWeb.qa.TestSuite.LoginPageTest.testValidLogin" finished-at="2021-04-18T17:12:06Z">
          <params>
            <param index="0">
              <value>
                <![CDATA[uwill@gmail.com]]>
              </value>
            </param>
            <param index="1">
              <value>
                <![CDATA[vahaktestAdmin#123]]>
              </value>
            </param>
          </params>
          <reporter-output>
          </reporter-output>
        </test-method> <!-- testLoginWrongUN -->
        <test-method status="PASS" signature="tearDown()[pri:0, instance:VahakHybrid.IMDBautomationWeb.qa.TestSuite.LoginPageTest@7ea37dbf]" name="tearDown" is-config="true" duration-ms="131" started-at="2021-04-18T17:12:06Z" finished-at="2021-04-18T17:12:06Z">
          <reporter-output>
          </reporter-output>
        </test-method> <!-- tearDown -->
        <test-method status="PASS" signature="setup()[pri:0, instance:VahakHybrid.IMDBautomationWeb.qa.TestSuite.LoginPageTest@7ea37dbf]" name="setup" is-config="true" duration-ms="11156" started-at="2021-04-18T17:12:06Z" finished-at="2021-04-18T17:12:18Z">
          <reporter-output>
          </reporter-output>
        </test-method> <!-- setup -->
        <test-method status="SKIP" signature="testLoginWrongPass(java.lang.String, java.lang.String)[pri:0, instance:VahakHybrid.IMDBautomationWeb.qa.TestSuite.LoginPageTest@7ea37dbf]" name="testLoginWrongPass" duration-ms="18232" started-at="2021-04-18T17:12:18Z" data-provider="getDataExcelinvalidPass" depends-on-methods="VahakHybrid.IMDBautomationWeb.qa.TestSuite.LoginPageTest.testLoginWrongUN" finished-at="2021-04-18T17:12:36Z">
          <params>
            <param index="0">
              <value>
                <![CDATA[uwillgetjob@gmail.com]]>
              </value>
            </param>
            <param index="1">
              <value>
                <![CDATA[testAdmin#123]]>
              </value>
            </param>
          </params>
          <exception class="org.openqa.selenium.NoSuchElementException">
            <message>
              <![CDATA[no such element: Unable to locate element: {"method":"xpath","selector":"//span[contains(text(),'please re-enter your password')]"}
  (Session info: chrome=90.0.4430.72)
For documentation on this error, please visit: https://www.seleniumhq.org/exceptions/no_such_element.html
Build info: version: '3.141.59', revision: 'e82be7d358', time: '2018-11-14T08:17:03'
System info: host: 'BBMDVMIMUD.local', ip: 'fe80:0:0:0:89:9f65:1552:e115%en0', os.name: 'Mac OS X', os.arch: 'x86_64', os.version: '10.15.1', java.version: '1.8.0_241'
Driver info: org.openqa.selenium.chrome.ChromeDriver
Capabilities {acceptInsecureCerts: false, browserName: chrome, browserVersion: 90.0.4430.72, chrome: {chromedriverVersion: 90.0.4430.24 (4c6d850f087da..., userDataDir: /var/folders/6r/gmlqjxw96x9...}, goog:chromeOptions: {debuggerAddress: localhost:59928}, javascriptEnabled: true, networkConnectionEnabled: false, pageLoadStrategy: normal, platform: MAC, platformName: MAC, proxy: Proxy(), setWindowRect: true, strictFileInteractability: false, timeouts: {implicit: 0, pageLoad: 300000, script: 30000}, unhandledPromptBehavior: dismiss and notify, webauthn:extension:largeBlob: true, webauthn:virtualAuthenticators: true}
Session ID: 52fd792dd95eeafad49c5bd50953ca85
*** Element info: {Using=xpath, value=//span[contains(text(),'please re-enter your password')]}]]>
            </message>
            <full-stacktrace>
              <![CDATA[org.openqa.selenium.NoSuchElementException: no such element: Unable to locate element: {"method":"xpath","selector":"//span[contains(text(),'please re-enter your password')]"}
  (Session info: chrome=90.0.4430.72)
For documentation on this error, please visit: https://www.seleniumhq.org/exceptions/no_such_element.html
Build info: version: '3.141.59', revision: 'e82be7d358', time: '2018-11-14T08:17:03'
System info: host: 'BBMDVMIMUD.local', ip: 'fe80:0:0:0:89:9f65:1552:e115%en0', os.name: 'Mac OS X', os.arch: 'x86_64', os.version: '10.15.1', java.version: '1.8.0_241'
Driver info: org.openqa.selenium.chrome.ChromeDriver
Capabilities {acceptInsecureCerts: false, browserName: chrome, browserVersion: 90.0.4430.72, chrome: {chromedriverVersion: 90.0.4430.24 (4c6d850f087da..., userDataDir: /var/folders/6r/gmlqjxw96x9...}, goog:chromeOptions: {debuggerAddress: localhost:59928}, javascriptEnabled: true, networkConnectionEnabled: false, pageLoadStrategy: normal, platform: MAC, platformName: MAC, proxy: Proxy(), setWindowRect: true, strictFileInteractability: false, timeouts: {implicit: 0, pageLoad: 300000, script: 30000}, unhandledPromptBehavior: dismiss and notify, webauthn:extension:largeBlob: true, webauthn:virtualAuthenticators: true}
Session ID: 52fd792dd95eeafad49c5bd50953ca85
*** Element info: {Using=xpath, value=//span[contains(text(),'please re-enter your password')]}
at sun.reflect.NativeConstructorAccessorImpl.newInstance0(Native Method)
at sun.reflect.NativeConstructorAccessorImpl.newInstance(NativeConstructorAccessorImpl.java:62)
at sun.reflect.DelegatingConstructorAccessorImpl.newInstance(DelegatingConstructorAccessorImpl.java:45)
at java.lang.reflect.Constructor.newInstance(Constructor.java:423)
at org.openqa.selenium.remote.http.W3CHttpResponseCodec.createException(W3CHttpResponseCodec.java:187)
at org.openqa.selenium.remote.http.W3CHttpResponseCodec.decode(W3CHttpResponseCodec.java:122)
at org.openqa.selenium.remote.http.W3CHttpResponseCodec.decode(W3CHttpResponseCodec.java:49)
at org.openqa.selenium.remote.HttpCommandExecutor.execute(HttpCommandExecutor.java:158)
at org.openqa.selenium.remote.service.DriverCommandExecutor.execute(DriverCommandExecutor.java:83)
at org.openqa.selenium.remote.RemoteWebDriver.execute(RemoteWebDriver.java:552)
at org.openqa.selenium.remote.RemoteWebDriver.findElement(RemoteWebDriver.java:323)
at org.openqa.selenium.remote.RemoteWebDriver.findElementByXPath(RemoteWebDriver.java:428)
at org.openqa.selenium.By$ByXPath.findElement(By.java:353)
at org.openqa.selenium.remote.RemoteWebDriver.findElement(RemoteWebDriver.java:315)
at sun.reflect.GeneratedMethodAccessor2.invoke(Unknown Source)
at sun.reflect.DelegatingMethodAccessorImpl.invoke(DelegatingMethodAccessorImpl.java:43)
at java.lang.reflect.Method.invoke(Method.java:498)
at org.openqa.selenium.support.events.EventFiringWebDriver.lambda$new$1(EventFiringWebDriver.java:105)
at com.sun.proxy.$Proxy8.findElement(Unknown Source)
at org.openqa.selenium.support.events.EventFiringWebDriver.findElement(EventFiringWebDriver.java:194)
at org.openqa.selenium.support.pagefactory.DefaultElementLocator.findElement(DefaultElementLocator.java:69)
at org.openqa.selenium.support.pagefactory.internal.LocatingElementHandler.invoke(LocatingElementHandler.java:38)
at com.sun.proxy.$Proxy12.isDisplayed(Unknown Source)
at VahakHybrid.IMDBautomationWeb.qa.PageObject.LoginPagePO.Verify_password_errorMassage(LoginPagePO.java:66)
at VahakHybrid.IMDBautomationWeb.qa.TestSuite.LoginPageTest.testLoginWrongPass(LoginPageTest.java:86)
at sun.reflect.NativeMethodAccessorImpl.invoke0(Native Method)
at sun.reflect.NativeMethodAccessorImpl.invoke(NativeMethodAccessorImpl.java:62)
at sun.reflect.DelegatingMethodAccessorImpl.invoke(DelegatingMethodAccessorImpl.java:43)
at java.lang.reflect.Method.invoke(Method.java:498)
at org.testng.internal.MethodInvocationHelper.invokeMethod(MethodInvocationHelper.java:124)
at org.testng.internal.Invoker.invokeMethod(Invoker.java:583)
at org.testng.internal.Invoker.invokeTestMethod(Invoker.java:719)
at org.testng.internal.Invoker.invokeTestMethods(Invoker.java:989)
at org.testng.internal.TestMethodWorker.invokeTestMethods(TestMethodWorker.java:125)
at org.testng.internal.TestMethodWorker.run(TestMethodWorker.java:109)
at org.testng.TestRunner.privateRun(TestRunner.java:648)
at org.testng.TestRunner.run(TestRunner.java:505)
at org.testng.SuiteRunner.runTest(SuiteRunner.java:455)
at org.testng.SuiteRunner.runSequentially(SuiteRunner.java:450)
at org.testng.SuiteRunner.privateRun(SuiteRunner.java:415)
at org.testng.SuiteRunner.run(SuiteRunner.java:364)
at org.testng.SuiteRunnerWorker.runSuite(SuiteRunnerWorker.java:52)
at org.testng.SuiteRunnerWorker.run(SuiteRunnerWorker.java:84)
at org.testng.TestNG.runSuitesSequentially(TestNG.java:1208)
at org.testng.TestNG.runSuitesLocally(TestNG.java:1137)
at org.testng.TestNG.runSuites(TestNG.java:1049)
at org.testng.TestNG.run(TestNG.java:1017)
at org.testng.remote.AbstractRemoteTestNG.run(AbstractRemoteTestNG.java:115)
at org.testng.remote.RemoteTestNG.initAndRun(RemoteTestNG.java:251)
at org.testng.remote.RemoteTestNG.main(RemoteTestNG.java:77)
]]>
            </full-stacktrace>
          </exception> <!-- org.openqa.selenium.NoSuchElementException -->
          <reporter-output>
          </reporter-output>
        </test-method> <!-- testLoginWrongPass -->
        <test-method status="PASS" signature="tearDown()[pri:0, instance:VahakHybrid.IMDBautomationWeb.qa.TestSuite.LoginPageTest@7ea37dbf]" name="tearDown" is-config="true" duration-ms="123" started-at="2021-04-18T17:12:36Z" finished-at="2021-04-18T17:12:36Z">
          <reporter-output>
          </reporter-output>
        </test-method> <!-- tearDown -->
        <test-method status="PASS" signature="setup()[pri:0, instance:VahakHybrid.IMDBautomationWeb.qa.TestSuite.LoginPageTest@7ea37dbf]" name="setup" is-config="true" duration-ms="32455" started-at="2021-04-18T17:12:36Z" finished-at="2021-04-18T17:13:08Z">
          <reporter-output>
          </reporter-output>
        </test-method> <!-- setup -->
        <test-method status="PASS" signature="testLoginWrongPass(java.lang.String, java.lang.String)[pri:0, instance:VahakHybrid.IMDBautomationWeb.qa.TestSuite.LoginPageTest@7ea37dbf]" name="testLoginWrongPass" duration-ms="16219" started-at="2021-04-18T17:13:08Z" data-provider="getDataExcelinvalidPass" depends-on-methods="VahakHybrid.IMDBautomationWeb.qa.TestSuite.LoginPageTest.testLoginWrongUN" finished-at="2021-04-18T17:13:25Z">
          <params>
            <param index="0">
              <value>
                <![CDATA[uwillgetjob@gmail.com]]>
              </value>
            </param>
            <param index="1">
              <value>
                <![CDATA[testAdmin#123]]>
              </value>
            </param>
          </params>
          <reporter-output>
          </reporter-output>
        </test-method> <!-- testLoginWrongPass -->
        <test-method status="PASS" signature="tearDown()[pri:0, instance:VahakHybrid.IMDBautomationWeb.qa.TestSuite.LoginPageTest@7ea37dbf]" name="tearDown" is-config="true" duration-ms="139" started-at="2021-04-18T17:13:25Z" finished-at="2021-04-18T17:13:25Z">
          <reporter-output>
          </reporter-output>
        </test-method> <!-- tearDown -->
      </class> <!-- VahakHybrid.IMDBautomationWeb.qa.TestSuite.LoginPageTest -->
      <class name="VahakHybrid.IMDBautomationWeb.qa.TestSuite.MovieSortingPageTest">
        <test-method status="PASS" signature="setup()[pri:0, instance:VahakHybrid.IMDBautomationWeb.qa.TestSuite.MovieSortingPageTest@290d210d]" name="setup" is-config="true" duration-ms="31153" started-at="2021-04-18T17:16:16Z" finished-at="2021-04-18T17:16:47Z">
          <reporter-output>
          </reporter-output>
        </test-method> <!-- setup -->
        <test-method status="PASS" signature="testlastMovieNameAfterSorting(java.lang.String, java.lang.String)[pri:0, instance:VahakHybrid.IMDBautomationWeb.qa.TestSuite.MovieSortingPageTest@290d210d]" name="testlastMovieNameAfterSorting" duration-ms="60032" started-at="2021-04-18T17:16:47Z" data-provider="getDataExcelvalidCredential" finished-at="2021-04-18T17:17:47Z">
          <params>
            <param index="0">
              <value>
                <![CDATA[uwillgetjob@gmail.com]]>
              </value>
            </param>
            <param index="1">
              <value>
                <![CDATA[vahaktestAdmin#123]]>
              </value>
            </param>
          </params>
          <reporter-output>
          </reporter-output>
        </test-method> <!-- testlastMovieNameAfterSorting -->
        <test-method status="PASS" signature="tearDown()[pri:0, instance:VahakHybrid.IMDBautomationWeb.qa.TestSuite.MovieSortingPageTest@290d210d]" name="tearDown" is-config="true" duration-ms="234" started-at="2021-04-18T17:17:47Z" finished-at="2021-04-18T17:17:47Z">
          <reporter-output>
          </reporter-output>
        </test-method> <!-- tearDown -->
      </class> <!-- VahakHybrid.IMDBautomationWeb.qa.TestSuite.MovieSortingPageTest -->
      <class name="VahakHybrid.IMDBautomationWeb.qa.TestSuite.TopRatedMoviesPageTest">
        <test-method status="PASS" signature="setup()[pri:0, instance:VahakHybrid.IMDBautomationWeb.qa.TestSuite.TopRatedMoviesPageTest@4b44655e]" name="setup" is-config="true" duration-ms="22993" started-at="2021-04-18T17:13:25Z" finished-at="2021-04-18T17:13:48Z">
          <reporter-output>
          </reporter-output>
        </test-method> <!-- setup -->
        <test-method status="SKIP" signature="testTopRatedMoviesLink_Exist(java.lang.String, java.lang.String)[pri:0, instance:VahakHybrid.IMDBautomationWeb.qa.TestSuite.TopRatedMoviesPageTest@4b44655e]" name="testTopRatedMoviesLink_Exist" duration-ms="24161" started-at="2021-04-18T17:13:48Z" data-provider="getDataExcelvalidCredential" finished-at="2021-04-18T17:14:12Z">
          <params>
            <param index="0">
              <value>
                <![CDATA[uwillgetjob@gmail.com]]>
              </value>
            </param>
            <param index="1">
              <value>
                <![CDATA[vahaktestAdmin#123]]>
              </value>
            </param>
          </params>
          <exception class="org.openqa.selenium.NoSuchElementException">
            <message>
              <![CDATA[no such element: Unable to locate element: {"method":"xpath","selector":"//div[text()='Menu']"}
  (Session info: chrome=90.0.4430.72)
For documentation on this error, please visit: https://www.seleniumhq.org/exceptions/no_such_element.html
Build info: version: '3.141.59', revision: 'e82be7d358', time: '2018-11-14T08:17:03'
System info: host: 'BBMDVMIMUD.local', ip: 'fe80:0:0:0:89:9f65:1552:e115%en0', os.name: 'Mac OS X', os.arch: 'x86_64', os.version: '10.15.1', java.version: '1.8.0_241'
Driver info: org.openqa.selenium.chrome.ChromeDriver
Capabilities {acceptInsecureCerts: false, browserName: chrome, browserVersion: 90.0.4430.72, chrome: {chromedriverVersion: 90.0.4430.24 (4c6d850f087da..., userDataDir: /var/folders/6r/gmlqjxw96x9...}, goog:chromeOptions: {debuggerAddress: localhost:60108}, javascriptEnabled: true, networkConnectionEnabled: false, pageLoadStrategy: normal, platform: MAC, platformName: MAC, proxy: Proxy(), setWindowRect: true, strictFileInteractability: false, timeouts: {implicit: 0, pageLoad: 300000, script: 30000}, unhandledPromptBehavior: dismiss and notify, webauthn:extension:largeBlob: true, webauthn:virtualAuthenticators: true}
Session ID: 68950e999120af59d9e9281cd4767d2a
*** Element info: {Using=xpath, value=//div[text()='Menu']}]]>
            </message>
            <full-stacktrace>
              <![CDATA[org.openqa.selenium.NoSuchElementException: no such element: Unable to locate element: {"method":"xpath","selector":"//div[text()='Menu']"}
  (Session info: chrome=90.0.4430.72)
For documentation on this error, please visit: https://www.seleniumhq.org/exceptions/no_such_element.html
Build info: version: '3.141.59', revision: 'e82be7d358', time: '2018-11-14T08:17:03'
System info: host: 'BBMDVMIMUD.local', ip: 'fe80:0:0:0:89:9f65:1552:e115%en0', os.name: 'Mac OS X', os.arch: 'x86_64', os.version: '10.15.1', java.version: '1.8.0_241'
Driver info: org.openqa.selenium.chrome.ChromeDriver
Capabilities {acceptInsecureCerts: false, browserName: chrome, browserVersion: 90.0.4430.72, chrome: {chromedriverVersion: 90.0.4430.24 (4c6d850f087da..., userDataDir: /var/folders/6r/gmlqjxw96x9...}, goog:chromeOptions: {debuggerAddress: localhost:60108}, javascriptEnabled: true, networkConnectionEnabled: false, pageLoadStrategy: normal, platform: MAC, platformName: MAC, proxy: Proxy(), setWindowRect: true, strictFileInteractability: false, timeouts: {implicit: 0, pageLoad: 300000, script: 30000}, unhandledPromptBehavior: dismiss and notify, webauthn:extension:largeBlob: true, webauthn:virtualAuthenticators: true}
Session ID: 68950e999120af59d9e9281cd4767d2a
*** Element info: {Using=xpath, value=//div[text()='Menu']}
at sun.reflect.NativeConstructorAccessorImpl.newInstance0(Native Method)
at sun.reflect.NativeConstructorAccessorImpl.newInstance(NativeConstructorAccessorImpl.java:62)
at sun.reflect.DelegatingConstructorAccessorImpl.newInstance(DelegatingConstructorAccessorImpl.java:45)
at java.lang.reflect.Constructor.newInstance(Constructor.java:423)
at org.openqa.selenium.remote.http.W3CHttpResponseCodec.createException(W3CHttpResponseCodec.java:187)
at org.openqa.selenium.remote.http.W3CHttpResponseCodec.decode(W3CHttpResponseCodec.java:122)
at org.openqa.selenium.remote.http.W3CHttpResponseCodec.decode(W3CHttpResponseCodec.java:49)
at org.openqa.selenium.remote.HttpCommandExecutor.execute(HttpCommandExecutor.java:158)
at org.openqa.selenium.remote.service.DriverCommandExecutor.execute(DriverCommandExecutor.java:83)
at org.openqa.selenium.remote.RemoteWebDriver.execute(RemoteWebDriver.java:552)
at org.openqa.selenium.remote.RemoteWebDriver.findElement(RemoteWebDriver.java:323)
at org.openqa.selenium.remote.RemoteWebDriver.findElementByXPath(RemoteWebDriver.java:428)
at org.openqa.selenium.By$ByXPath.findElement(By.java:353)
at org.openqa.selenium.remote.RemoteWebDriver.findElement(RemoteWebDriver.java:315)
at sun.reflect.GeneratedMethodAccessor2.invoke(Unknown Source)
at sun.reflect.DelegatingMethodAccessorImpl.invoke(DelegatingMethodAccessorImpl.java:43)
at java.lang.reflect.Method.invoke(Method.java:498)
at org.openqa.selenium.support.events.EventFiringWebDriver.lambda$new$1(EventFiringWebDriver.java:105)
at com.sun.proxy.$Proxy8.findElement(Unknown Source)
at org.openqa.selenium.support.events.EventFiringWebDriver.findElement(EventFiringWebDriver.java:194)
at org.openqa.selenium.support.pagefactory.DefaultElementLocator.findElement(DefaultElementLocator.java:69)
at org.openqa.selenium.support.pagefactory.internal.LocatingElementHandler.invoke(LocatingElementHandler.java:38)
at com.sun.proxy.$Proxy12.isDisplayed(Unknown Source)
at VahakHybrid.IMDBautomationWeb.qa.PageObject.HomePagePO.clickMenu(HomePagePO.java:45)
at VahakHybrid.IMDBautomationWeb.qa.TestSuite.TopRatedMoviesPageTest.testTopRatedMoviesLink_Exist(TopRatedMoviesPageTest.java:58)
at sun.reflect.NativeMethodAccessorImpl.invoke0(Native Method)
at sun.reflect.NativeMethodAccessorImpl.invoke(NativeMethodAccessorImpl.java:62)
at sun.reflect.DelegatingMethodAccessorImpl.invoke(DelegatingMethodAccessorImpl.java:43)
at java.lang.reflect.Method.invoke(Method.java:498)
at org.testng.internal.MethodInvocationHelper.invokeMethod(MethodInvocationHelper.java:124)
at org.testng.internal.Invoker.invokeMethod(Invoker.java:583)
at org.testng.internal.Invoker.invokeTestMethod(Invoker.java:719)
at org.testng.internal.Invoker.invokeTestMethods(Invoker.java:989)
at org.testng.internal.TestMethodWorker.invokeTestMethods(TestMethodWorker.java:125)
at org.testng.internal.TestMethodWorker.run(TestMethodWorker.java:109)
at org.testng.TestRunner.privateRun(TestRunner.java:648)
at org.testng.TestRunner.run(TestRunner.java:505)
at org.testng.SuiteRunner.runTest(SuiteRunner.java:455)
at org.testng.SuiteRunner.runSequentially(SuiteRunner.java:450)
at org.testng.SuiteRunner.privateRun(SuiteRunner.java:415)
at org.testng.SuiteRunner.run(SuiteRunner.java:364)
at org.testng.SuiteRunnerWorker.runSuite(SuiteRunnerWorker.java:52)
at org.testng.SuiteRunnerWorker.run(SuiteRunnerWorker.java:84)
at org.testng.TestNG.runSuitesSequentially(TestNG.java:1208)
at org.testng.TestNG.runSuitesLocally(TestNG.java:1137)
at org.testng.TestNG.runSuites(TestNG.java:1049)
at org.testng.TestNG.run(TestNG.java:1017)
at org.testng.remote.AbstractRemoteTestNG.run(AbstractRemoteTestNG.java:115)
at org.testng.remote.RemoteTestNG.initAndRun(RemoteTestNG.java:251)
at org.testng.remote.RemoteTestNG.main(RemoteTestNG.java:77)
]]>
            </full-stacktrace>
          </exception> <!-- org.openqa.selenium.NoSuchElementException -->
          <reporter-output>
          </reporter-output>
        </test-method> <!-- testTopRatedMoviesLink_Exist -->
        <test-method status="PASS" signature="tearDown()[pri:0, instance:VahakHybrid.IMDBautomationWeb.qa.TestSuite.TopRatedMoviesPageTest@4b44655e]" name="tearDown" is-config="true" duration-ms="112" started-at="2021-04-18T17:14:12Z" finished-at="2021-04-18T17:14:12Z">
          <reporter-output>
          </reporter-output>
        </test-method> <!-- tearDown -->
        <test-method status="PASS" signature="setup()[pri:0, instance:VahakHybrid.IMDBautomationWeb.qa.TestSuite.TopRatedMoviesPageTest@4b44655e]" name="setup" is-config="true" duration-ms="28984" started-at="2021-04-18T17:14:12Z" finished-at="2021-04-18T17:14:41Z">
          <reporter-output>
          </reporter-output>
        </test-method> <!-- setup -->
        <test-method status="PASS" signature="testTopRatedMoviesLink_Exist(java.lang.String, java.lang.String)[pri:0, instance:VahakHybrid.IMDBautomationWeb.qa.TestSuite.TopRatedMoviesPageTest@4b44655e]" name="testTopRatedMoviesLink_Exist" duration-ms="24737" started-at="2021-04-18T17:14:41Z" data-provider="getDataExcelvalidCredential" finished-at="2021-04-18T17:15:06Z">
          <params>
            <param index="0">
              <value>
                <![CDATA[uwillgetjob@gmail.com]]>
              </value>
            </param>
            <param index="1">
              <value>
                <![CDATA[vahaktestAdmin#123]]>
              </value>
            </param>
          </params>
          <reporter-output>
          </reporter-output>
        </test-method> <!-- testTopRatedMoviesLink_Exist -->
        <test-method status="PASS" signature="tearDown()[pri:0, instance:VahakHybrid.IMDBautomationWeb.qa.TestSuite.TopRatedMoviesPageTest@4b44655e]" name="tearDown" is-config="true" duration-ms="157" started-at="2021-04-18T17:15:06Z" finished-at="2021-04-18T17:15:06Z">
          <reporter-output>
          </reporter-output>
        </test-method> <!-- tearDown -->
        <test-method status="PASS" signature="setup()[pri:0, instance:VahakHybrid.IMDBautomationWeb.qa.TestSuite.TopRatedMoviesPageTest@4b44655e]" name="setup" is-config="true" duration-ms="28360" started-at="2021-04-18T17:15:06Z" finished-at="2021-04-18T17:15:34Z">
          <reporter-output>
          </reporter-output>
        </test-method> <!-- setup -->
        <test-method status="PASS" signature="testTopRatedMoviesPage_Exist(java.lang.String, java.lang.String)[pri:0, instance:VahakHybrid.IMDBautomationWeb.qa.TestSuite.TopRatedMoviesPageTest@4b44655e]" name="testTopRatedMoviesPage_Exist" duration-ms="41037" started-at="2021-04-18T17:15:34Z" data-provider="getDataExcelvalidCredential" finished-at="2021-04-18T17:16:15Z">
          <params>
            <param index="0">
              <value>
                <![CDATA[uwillgetjob@gmail.com]]>
              </value>
            </param>
            <param index="1">
              <value>
                <![CDATA[vahaktestAdmin#123]]>
              </value>
            </param>
          </params>
          <reporter-output>
          </reporter-output>
        </test-method> <!-- testTopRatedMoviesPage_Exist -->
        <test-method status="PASS" signature="tearDown()[pri:0, instance:VahakHybrid.IMDBautomationWeb.qa.TestSuite.TopRatedMoviesPageTest@4b44655e]" name="tearDown" is-config="true" duration-ms="177" started-at="2021-04-18T17:16:15Z" finished-at="2021-04-18T17:16:16Z">
          <reporter-output>
          </reporter-output>
        </test-method> <!-- tearDown -->
      </class> <!-- VahakHybrid.IMDBautomationWeb.qa.TestSuite.TopRatedMoviesPageTest -->
      <class name="VahakHybrid.IMDBautomationWeb.qa.TestSuite.LastMovieReleaseDetailPageTest">
        <test-method status="PASS" signature="setup()[pri:0, instance:VahakHybrid.IMDBautomationWeb.qa.TestSuite.LastMovieReleaseDetailPageTest@78dd667e]" name="setup" is-config="true" duration-ms="22372" started-at="2021-04-18T17:19:16Z" finished-at="2021-04-18T17:19:39Z">
          <reporter-output>
          </reporter-output>
        </test-method> <!-- setup -->
        <test-method status="PASS" signature="getallReleaseDetails(java.lang.String, java.lang.String)[pri:0, instance:VahakHybrid.IMDBautomationWeb.qa.TestSuite.LastMovieReleaseDetailPageTest@78dd667e]" name="getallReleaseDetails" duration-ms="63059" started-at="2021-04-18T17:19:39Z" data-provider="getDataExcelvalidCredential" finished-at="2021-04-18T17:20:42Z">
          <params>
            <param index="0">
              <value>
                <![CDATA[uwillgetjob@gmail.com]]>
              </value>
            </param>
            <param index="1">
              <value>
                <![CDATA[vahaktestAdmin#123]]>
              </value>
            </param>
          </params>
          <reporter-output>
          </reporter-output>
        </test-method> <!-- getallReleaseDetails -->
        <test-method status="PASS" signature="tearDown()[pri:0, instance:VahakHybrid.IMDBautomationWeb.qa.TestSuite.LastMovieReleaseDetailPageTest@78dd667e]" name="tearDown" is-config="true" duration-ms="173" started-at="2021-04-18T17:20:42Z" finished-at="2021-04-18T17:20:42Z">
          <reporter-output>
          </reporter-output>
        </test-method> <!-- tearDown -->
        <test-method status="PASS" signature="setup()[pri:0, instance:VahakHybrid.IMDBautomationWeb.qa.TestSuite.LastMovieReleaseDetailPageTest@78dd667e]" name="setup" is-config="true" duration-ms="14236" started-at="2021-04-18T17:20:42Z" finished-at="2021-04-18T17:20:56Z">
          <reporter-output>
          </reporter-output>
        </test-method> <!-- setup -->
        <test-method status="PASS" signature="testTitleLastMovieReleaseDetailPage(java.lang.String, java.lang.String)[pri:0, instance:VahakHybrid.IMDBautomationWeb.qa.TestSuite.LastMovieReleaseDetailPageTest@78dd667e]" name="testTitleLastMovieReleaseDetailPage" duration-ms="35016" started-at="2021-04-18T17:20:56Z" data-provider="getDataExcelvalidCredential" finished-at="2021-04-18T17:21:31Z">
          <params>
            <param index="0">
              <value>
                <![CDATA[uwillgetjob@gmail.com]]>
              </value>
            </param>
            <param index="1">
              <value>
                <![CDATA[vahaktestAdmin#123]]>
              </value>
            </param>
          </params>
          <reporter-output>
          </reporter-output>
        </test-method> <!-- testTitleLastMovieReleaseDetailPage -->
        <test-method status="PASS" signature="tearDown()[pri:0, instance:VahakHybrid.IMDBautomationWeb.qa.TestSuite.LastMovieReleaseDetailPageTest@78dd667e]" name="tearDown" is-config="true" duration-ms="184" started-at="2021-04-18T17:21:31Z" finished-at="2021-04-18T17:21:31Z">
          <reporter-output>
          </reporter-output>
        </test-method> <!-- tearDown -->
      </class> <!-- VahakHybrid.IMDBautomationWeb.qa.TestSuite.LastMovieReleaseDetailPageTest -->
      <class name="VahakHybrid.IMDBautomationWeb.qa.TestSuite.LastMoviePageTest">
        <test-method status="PASS" signature="setup()[pri:0, instance:VahakHybrid.IMDBautomationWeb.qa.TestSuite.LastMoviePageTest@1d76aeea]" name="setup" is-config="true" duration-ms="25343" started-at="2021-04-18T17:17:47Z" finished-at="2021-04-18T17:18:12Z">
          <reporter-output>
          </reporter-output>
        </test-method> <!-- setup -->
        <test-method status="PASS" signature="testTitleLastMoviePage(java.lang.String, java.lang.String)[pri:0, instance:VahakHybrid.IMDBautomationWeb.qa.TestSuite.LastMoviePageTest@1d76aeea]" name="testTitleLastMoviePage" duration-ms="63722" started-at="2021-04-18T17:18:12Z" data-provider="getDataExcelvalidCredential" finished-at="2021-04-18T17:19:16Z">
          <params>
            <param index="0">
              <value>
                <![CDATA[uwillgetjob@gmail.com]]>
              </value>
            </param>
            <param index="1">
              <value>
                <![CDATA[vahaktestAdmin#123]]>
              </value>
            </param>
          </params>
          <reporter-output>
          </reporter-output>
        </test-method> <!-- testTitleLastMoviePage -->
        <test-method status="PASS" signature="tearDown()[pri:0, instance:VahakHybrid.IMDBautomationWeb.qa.TestSuite.LastMoviePageTest@1d76aeea]" name="tearDown" is-config="true" duration-ms="206" started-at="2021-04-18T17:19:16Z" finished-at="2021-04-18T17:19:16Z">
          <reporter-output>
          </reporter-output>
        </test-method> <!-- tearDown -->
      </class> <!-- VahakHybrid.IMDBautomationWeb.qa.TestSuite.LastMoviePageTest -->
    </test> <!-- Test -->
  </suite> <!-- Suite -->
</testng-results>
